<?xml version="1.0" encoding="UTF-8"?>
<testsuite name="com.ord.coffeemachine.service.CoffeeMachineServiceTest" tests="2" skipped="1" failures="0" errors="0" timestamp="2020-07-19T10:46:57" hostname="win7-PC" time="0.463">
  <properties/>
  <testcase name="orderOneAndShouldBeServed" classname="com.ord.coffeemachine.service.CoffeeMachineServiceTest" time="0.099"/>
  <testcase name="executeFlow" classname="com.ord.coffeemachine.service.CoffeeMachineServiceTest" time="0.364">
    <skipped/>
  </testcase>
  <system-out><![CDATA[Invalid command
<> mandatory parameters and [] optional parameters 
- help: to get list of commands
- reset: to reset machine to initial setting
- quit: to exit from the application
- order: to order beverages, enter beverage name as <beverage1> [<beverage2>, ...] like:
 order hot_coffee green_tea black_tea hot_tea 
Following beverages are available : 
hot_coffee
green_tea
black_tea
hot_tea

hot_coffee cannot be prepared because hot_milk is not available
green_tea cannot be prepared because green_mixture is not available
black_tea is prepared
hot_tea cannot be prepared because sugar_syrup is not available
Invalid command
Machine reset success!
Bye!
]]></system-out>
  <system-err><![CDATA[]]></system-err>
</testsuite>
